<?xml version="1.0" encoding="UTF-8"?>
<!-- Generated by org.testng.reporters.JUnitReportReporter -->
<testsuite name="org.testing.Trigger.Trigger" tests="1" time="2.704" ignored="0" failures="0" timestamp="05 Apr 2020 10:52:21 GMT" skipped="0" hostname="DESKTOP-AEIQ660" errors="0">
  <testcase name="tsetsteps" time="2.704" classname="org.testing.Trigger.Trigger"/>
</testsuite> <!-- org.testing.Trigger.Trigger -->
