<?xml version="1.0" encoding="UTF-8"?>
<!-- Generated by org.testng.reporters.JUnitReportReporter -->
<testsuite name="test.testing.TestScript.TC2" tests="1" time="0.062" ignored="0" failures="0" timestamp="05 Apr 2020 12:09:05 GMT" skipped="0" hostname="DESKTOP-AEIQ660" errors="0">
  <testcase name="testcase2" time="0.062" classname="test.testing.TestScript.TC2"/>
</testsuite> <!-- test.testing.TestScript.TC2 -->
