<?xml version="1.0" encoding="UTF-8"?>
<!-- Generated by org.testng.reporters.JUnitReportReporter -->
<testsuite name="test.testing.TestScript.TC5" tests="1" time="0.037" ignored="0" failures="0" timestamp="05 Apr 2020 11:24:51 GMT" skipped="0" hostname="DESKTOP-AEIQ660" errors="0">
  <testcase name="testcase5" time="0.037" classname="test.testing.TestScript.TC5"/>
</testsuite> <!-- test.testing.TestScript.TC5 -->
